[0.089s] DEBUG:colcon:Command line arguments: ['/usr/bin/colcon', 'build', '--build-base', '/home/admin1/ros2_ws/build', '--install-base', '/home/admin1/ros2_ws/install', '--base-paths', '/home/admin1/ros2_ws/src', '--packages-select', 'carlike']
[0.089s] DEBUG:colcon:Parsed command line arguments: Namespace(log_base=None, log_level=None, verb_name='build', build_base='/home/admin1/ros2_ws/build', install_base='/home/admin1/ros2_ws/install', merge_install=False, symlink_install=False, test_result_base=None, continue_on_error=False, executor='parallel', parallel_workers=16, event_handlers=None, ignore_user_meta=False, metas=['./colcon.meta'], base_paths=['/home/admin1/ros2_ws/src'], packages_ignore=None, packages_ignore_regex=None, paths=None, packages_up_to=None, packages_up_to_regex=None, packages_above=None, packages_above_and_dependencies=None, packages_above_depth=None, packages_select_by_dep=None, packages_skip_by_dep=None, packages_skip_up_to=None, packages_select_build_failed=False, packages_skip_build_finished=False, packages_select_test_failures=False, packages_skip_test_passed=False, packages_select=['carlike'], packages_skip=None, packages_select_regex=None, packages_skip_regex=None, packages_start=None, packages_end=None, allow_overriding=[], cmake_args=None, cmake_target=None, cmake_target_skip_unavailable=False, cmake_clean_cache=False, cmake_clean_first=False, cmake_force_configure=False, ament_cmake_args=None, catkin_cmake_args=None, catkin_skip_building_tests=False, mixin_files=None, mixin=None, verb_parser=<colcon_mixin.mixin.mixin_argument.MixinArgumentDecorator object at 0x7bf110f92630>, verb_extension=<colcon_core.verb.build.BuildVerb object at 0x7bf110f91ee0>, main=<bound method BuildVerb.main of <colcon_core.verb.build.BuildVerb object at 0x7bf110f91ee0>>, mixin_verb=('build',))
[0.126s] Level 1:colcon.colcon_core.package_discovery:discover_packages(colcon_meta) check parameters
[0.126s] Level 1:colcon.colcon_core.package_discovery:discover_packages(recursive) check parameters
[0.126s] Level 1:colcon.colcon_core.package_discovery:discover_packages(ignore) check parameters
[0.126s] Level 1:colcon.colcon_core.package_discovery:discover_packages(path) check parameters
[0.126s] Level 1:colcon.colcon_core.package_discovery:discover_packages(recursive) discover
[0.127s] INFO:colcon.colcon_core.package_discovery:Crawling recursively for packages in '/home/admin1/ros2_ws/src'
[0.127s] Level 1:colcon.colcon_core.package_identification:_identify(/home/admin1/ros2_ws/src) by extensions ['ignore', 'ignore_ament_install']
[0.127s] Level 1:colcon.colcon_core.package_identification:_identify(/home/admin1/ros2_ws/src) by extension 'ignore'
[0.127s] Level 1:colcon.colcon_core.package_identification:_identify(/home/admin1/ros2_ws/src) by extension 'ignore_ament_install'
[0.127s] Level 1:colcon.colcon_core.package_identification:_identify(/home/admin1/ros2_ws/src) by extensions ['colcon_pkg']
[0.127s] Level 1:colcon.colcon_core.package_identification:_identify(/home/admin1/ros2_ws/src) by extension 'colcon_pkg'
[0.127s] Level 1:colcon.colcon_core.package_identification:_identify(/home/admin1/ros2_ws/src) by extensions ['colcon_meta']
[0.127s] Level 1:colcon.colcon_core.package_identification:_identify(/home/admin1/ros2_ws/src) by extension 'colcon_meta'
[0.127s] Level 1:colcon.colcon_core.package_identification:_identify(/home/admin1/ros2_ws/src) by extensions ['ros']
[0.127s] Level 1:colcon.colcon_core.package_identification:_identify(/home/admin1/ros2_ws/src) by extension 'ros'
[0.150s] Level 1:colcon.colcon_core.package_identification:_identify(/home/admin1/ros2_ws/src) by extensions ['cmake', 'python']
[0.150s] Level 1:colcon.colcon_core.package_identification:_identify(/home/admin1/ros2_ws/src) by extension 'cmake'
[0.150s] Level 1:colcon.colcon_core.package_identification:_identify(/home/admin1/ros2_ws/src) by extension 'python'
[0.150s] Level 1:colcon.colcon_core.package_identification:_identify(/home/admin1/ros2_ws/src) by extensions ['python_setup_py']
[0.150s] Level 1:colcon.colcon_core.package_identification:_identify(/home/admin1/ros2_ws/src) by extension 'python_setup_py'
[0.150s] Level 1:colcon.colcon_core.package_identification:_identify(/home/admin1/ros2_ws/src/carlike) by extensions ['ignore', 'ignore_ament_install']
[0.150s] Level 1:colcon.colcon_core.package_identification:_identify(/home/admin1/ros2_ws/src/carlike) by extension 'ignore'
[0.151s] Level 1:colcon.colcon_core.package_identification:_identify(/home/admin1/ros2_ws/src/carlike) by extension 'ignore_ament_install'
[0.151s] Level 1:colcon.colcon_core.package_identification:_identify(/home/admin1/ros2_ws/src/carlike) by extensions ['colcon_pkg']
[0.151s] Level 1:colcon.colcon_core.package_identification:_identify(/home/admin1/ros2_ws/src/carlike) by extension 'colcon_pkg'
[0.151s] Level 1:colcon.colcon_core.package_identification:_identify(/home/admin1/ros2_ws/src/carlike) by extensions ['colcon_meta']
[0.151s] Level 1:colcon.colcon_core.package_identification:_identify(/home/admin1/ros2_ws/src/carlike) by extension 'colcon_meta'
[0.151s] Level 1:colcon.colcon_core.package_identification:_identify(/home/admin1/ros2_ws/src/carlike) by extensions ['ros']
[0.151s] Level 1:colcon.colcon_core.package_identification:_identify(/home/admin1/ros2_ws/src/carlike) by extension 'ros'
[0.153s] DEBUG:colcon.colcon_core.package_identification:Package '/home/admin1/ros2_ws/src/carlike' with type 'ros.ament_cmake' and name 'carlike'
[0.153s] Level 1:colcon.colcon_core.package_discovery:discover_packages(recursive) using defaults
[0.169s] Level 1:colcon.colcon_core.package_discovery:discover_packages(prefix_path) check parameters
[0.170s] Level 1:colcon.colcon_core.package_discovery:discover_packages(prefix_path) discover
[0.170s] WARNING:colcon.colcon_ros.prefix_path.ament:The path '/home/admin1/ros2_ws/install/gz_ros2_control_tests' in the environment variable AMENT_PREFIX_PATH doesn't exist
[0.170s] WARNING:colcon.colcon_ros.prefix_path.ament:The path '/home/admin1/ros2_ws/install/gz_ros2_control_demos' in the environment variable AMENT_PREFIX_PATH doesn't exist
[0.170s] WARNING:colcon.colcon_ros.prefix_path.ament:The path '/home/admin1/ros2_ws/install/gz_ros2_control' in the environment variable AMENT_PREFIX_PATH doesn't exist
[0.171s] WARNING:colcon.colcon_ros.prefix_path.catkin:The path '/home/admin1/ros2_ws/install/gz_ros2_control_tests' in the environment variable CMAKE_PREFIX_PATH doesn't exist
[0.171s] WARNING:colcon.colcon_ros.prefix_path.catkin:The path '/home/admin1/ros2_ws/install/gz_ros2_control_demos' in the environment variable CMAKE_PREFIX_PATH doesn't exist
[0.171s] WARNING:colcon.colcon_ros.prefix_path.catkin:The path '/home/admin1/ros2_ws/install/gz_ros2_control' in the environment variable CMAKE_PREFIX_PATH doesn't exist
[0.172s] DEBUG:colcon.colcon_installed_package_information.package_discovery:Found 1 installed packages in /home/admin1/ros2_ws/install
[0.172s] DEBUG:colcon.colcon_installed_package_information.package_discovery:Found 16 installed packages in /home/admin1/turtlebot3_ws/install
[0.174s] DEBUG:colcon.colcon_installed_package_information.package_discovery:Found 440 installed packages in /opt/ros/jazzy
[0.176s] Level 1:colcon.colcon_core.package_discovery:discover_packages(prefix_path) using defaults
[0.224s] Level 5:colcon.colcon_core.verb:set package 'carlike' build argument 'cmake_args' from command line to 'None'
[0.225s] Level 5:colcon.colcon_core.verb:set package 'carlike' build argument 'cmake_target' from command line to 'None'
[0.225s] Level 5:colcon.colcon_core.verb:set package 'carlike' build argument 'cmake_target_skip_unavailable' from command line to 'False'
[0.225s] Level 5:colcon.colcon_core.verb:set package 'carlike' build argument 'cmake_clean_cache' from command line to 'False'
[0.225s] Level 5:colcon.colcon_core.verb:set package 'carlike' build argument 'cmake_clean_first' from command line to 'False'
[0.225s] Level 5:colcon.colcon_core.verb:set package 'carlike' build argument 'cmake_force_configure' from command line to 'False'
[0.225s] Level 5:colcon.colcon_core.verb:set package 'carlike' build argument 'ament_cmake_args' from command line to 'None'
[0.225s] Level 5:colcon.colcon_core.verb:set package 'carlike' build argument 'catkin_cmake_args' from command line to 'None'
[0.225s] Level 5:colcon.colcon_core.verb:set package 'carlike' build argument 'catkin_skip_building_tests' from command line to 'False'
[0.225s] DEBUG:colcon.colcon_core.verb:Building package 'carlike' with the following arguments: {'ament_cmake_args': None, 'build_base': '/home/admin1/ros2_ws/build/carlike', 'catkin_cmake_args': None, 'catkin_skip_building_tests': False, 'cmake_args': None, 'cmake_clean_cache': False, 'cmake_clean_first': False, 'cmake_force_configure': False, 'cmake_target': None, 'cmake_target_skip_unavailable': False, 'install_base': '/home/admin1/ros2_ws/install/carlike', 'merge_install': False, 'path': '/home/admin1/ros2_ws/src/carlike', 'symlink_install': False, 'test_result_base': None}
[0.225s] INFO:colcon.colcon_core.executor:Executing jobs using 'parallel' executor
[0.226s] DEBUG:colcon.colcon_parallel_executor.executor.parallel:run_until_complete
[0.226s] INFO:colcon.colcon_ros.task.ament_cmake.build:Building ROS package in '/home/admin1/ros2_ws/src/carlike' with build type 'ament_cmake'
[0.226s] INFO:colcon.colcon_cmake.task.cmake.build:Building CMake package in '/home/admin1/ros2_ws/src/carlike'
[0.228s] INFO:colcon.colcon_core.plugin_system:Skipping extension 'colcon_core.shell.bat': Not used on non-Windows systems
[0.228s] INFO:colcon.colcon_core.shell:Skip shell extension 'powershell' for command environment: Not usable outside of PowerShell
[0.228s] DEBUG:colcon.colcon_core.shell:Skip shell extension 'dsv' for command environment
[0.238s] DEBUG:colcon.colcon_core.event_handler.log_command:Invoking command in '/home/admin1/ros2_ws/build/carlike': CMAKE_PREFIX_PATH=${CMAKE_PREFIX_PATH}:/home/admin1/turtlebot3_ws/install/turtlebot3_teleop:/home/admin1/turtlebot3_ws/install/turtlebot3_example:/opt/ros/jazzy DEBUGINFOD_URLS=https://debuginfod.ubuntu.com /usr/bin/cmake --build /home/admin1/ros2_ws/build/carlike -- -j16 -l16
[0.289s] DEBUG:colcon.colcon_core.event_handler.log_command:Invoked command in '/home/admin1/ros2_ws/build/carlike' returned '0': CMAKE_PREFIX_PATH=${CMAKE_PREFIX_PATH}:/home/admin1/turtlebot3_ws/install/turtlebot3_teleop:/home/admin1/turtlebot3_ws/install/turtlebot3_example:/opt/ros/jazzy DEBUGINFOD_URLS=https://debuginfod.ubuntu.com /usr/bin/cmake --build /home/admin1/ros2_ws/build/carlike -- -j16 -l16
[0.300s] DEBUG:colcon.colcon_core.event_handler.log_command:Invoking command in '/home/admin1/ros2_ws/build/carlike': CMAKE_PREFIX_PATH=${CMAKE_PREFIX_PATH}:/home/admin1/turtlebot3_ws/install/turtlebot3_teleop:/home/admin1/turtlebot3_ws/install/turtlebot3_example:/opt/ros/jazzy DEBUGINFOD_URLS=https://debuginfod.ubuntu.com /usr/bin/cmake --install /home/admin1/ros2_ws/build/carlike
[0.327s] Level 1:colcon.colcon_core.environment:create_environment_scripts_only(carlike)
[0.328s] DEBUG:colcon.colcon_core.event_handler.log_command:Invoked command in '/home/admin1/ros2_ws/build/carlike' returned '0': CMAKE_PREFIX_PATH=${CMAKE_PREFIX_PATH}:/home/admin1/turtlebot3_ws/install/turtlebot3_teleop:/home/admin1/turtlebot3_ws/install/turtlebot3_example:/opt/ros/jazzy DEBUGINFOD_URLS=https://debuginfod.ubuntu.com /usr/bin/cmake --install /home/admin1/ros2_ws/build/carlike
[0.329s] Level 1:colcon.colcon_core.environment:checking '/home/admin1/ros2_ws/install/carlike' for CMake module files
[0.330s] Level 1:colcon.colcon_core.environment:checking '/home/admin1/ros2_ws/install/carlike' for CMake config files
[0.330s] Level 1:colcon.colcon_core.shell:create_environment_hook('carlike', 'cmake_prefix_path')
[0.331s] INFO:colcon.colcon_core.shell:Creating environment hook '/home/admin1/ros2_ws/install/carlike/share/carlike/hook/cmake_prefix_path.ps1'
[0.331s] INFO:colcon.colcon_core.shell:Creating environment descriptor '/home/admin1/ros2_ws/install/carlike/share/carlike/hook/cmake_prefix_path.dsv'
[0.332s] INFO:colcon.colcon_core.shell:Creating environment hook '/home/admin1/ros2_ws/install/carlike/share/carlike/hook/cmake_prefix_path.sh'
[0.333s] Level 1:colcon.colcon_core.environment:checking '/home/admin1/ros2_ws/install/carlike/bin'
[0.333s] Level 1:colcon.colcon_core.environment:checking '/home/admin1/ros2_ws/install/carlike/lib/pkgconfig/carlike.pc'
[0.333s] Level 1:colcon.colcon_core.environment:checking '/home/admin1/ros2_ws/install/carlike/lib/python3.12/site-packages'
[0.333s] Level 1:colcon.colcon_core.environment:checking '/home/admin1/ros2_ws/install/carlike/bin'
[0.333s] INFO:colcon.colcon_core.shell:Creating package script '/home/admin1/ros2_ws/install/carlike/share/carlike/package.ps1'
[0.334s] INFO:colcon.colcon_core.shell:Creating package descriptor '/home/admin1/ros2_ws/install/carlike/share/carlike/package.dsv'
[0.334s] INFO:colcon.colcon_core.shell:Creating package script '/home/admin1/ros2_ws/install/carlike/share/carlike/package.sh'
[0.335s] INFO:colcon.colcon_core.shell:Creating package script '/home/admin1/ros2_ws/install/carlike/share/carlike/package.bash'
[0.335s] INFO:colcon.colcon_core.shell:Creating package script '/home/admin1/ros2_ws/install/carlike/share/carlike/package.zsh'
[0.336s] Level 1:colcon.colcon_core.environment:create_file_with_runtime_dependencies(/home/admin1/ros2_ws/install/carlike/share/colcon-core/packages/carlike)
[0.336s] Level 1:colcon.colcon_core.environment:create_environment_scripts_only(carlike)
[0.336s] Level 1:colcon.colcon_core.environment:checking '/home/admin1/ros2_ws/install/carlike' for CMake module files
[0.337s] Level 1:colcon.colcon_core.environment:checking '/home/admin1/ros2_ws/install/carlike' for CMake config files
[0.338s] Level 1:colcon.colcon_core.shell:create_environment_hook('carlike', 'cmake_prefix_path')
[0.338s] INFO:colcon.colcon_core.shell:Creating environment hook '/home/admin1/ros2_ws/install/carlike/share/carlike/hook/cmake_prefix_path.ps1'
[0.338s] INFO:colcon.colcon_core.shell:Creating environment descriptor '/home/admin1/ros2_ws/install/carlike/share/carlike/hook/cmake_prefix_path.dsv'
[0.338s] INFO:colcon.colcon_core.shell:Creating environment hook '/home/admin1/ros2_ws/install/carlike/share/carlike/hook/cmake_prefix_path.sh'
[0.339s] Level 1:colcon.colcon_core.environment:checking '/home/admin1/ros2_ws/install/carlike/bin'
[0.339s] Level 1:colcon.colcon_core.environment:checking '/home/admin1/ros2_ws/install/carlike/lib/pkgconfig/carlike.pc'
[0.339s] Level 1:colcon.colcon_core.environment:checking '/home/admin1/ros2_ws/install/carlike/lib/python3.12/site-packages'
[0.339s] Level 1:colcon.colcon_core.environment:checking '/home/admin1/ros2_ws/install/carlike/bin'
[0.339s] INFO:colcon.colcon_core.shell:Creating package script '/home/admin1/ros2_ws/install/carlike/share/carlike/package.ps1'
[0.340s] INFO:colcon.colcon_core.shell:Creating package descriptor '/home/admin1/ros2_ws/install/carlike/share/carlike/package.dsv'
[0.340s] INFO:colcon.colcon_core.shell:Creating package script '/home/admin1/ros2_ws/install/carlike/share/carlike/package.sh'
[0.340s] INFO:colcon.colcon_core.shell:Creating package script '/home/admin1/ros2_ws/install/carlike/share/carlike/package.bash'
[0.341s] INFO:colcon.colcon_core.shell:Creating package script '/home/admin1/ros2_ws/install/carlike/share/carlike/package.zsh'
[0.341s] Level 1:colcon.colcon_core.environment:create_file_with_runtime_dependencies(/home/admin1/ros2_ws/install/carlike/share/colcon-core/packages/carlike)
[0.341s] DEBUG:colcon.colcon_parallel_executor.executor.parallel:closing loop
[0.342s] DEBUG:colcon.colcon_parallel_executor.executor.parallel:loop closed
[0.342s] DEBUG:colcon.colcon_parallel_executor.executor.parallel:run_until_complete finished with '0'
[0.342s] DEBUG:colcon.colcon_core.event_reactor:joining thread
[0.346s] INFO:colcon.colcon_core.plugin_system:Skipping extension 'colcon_notification.desktop_notification.terminal_notifier': Not used on non-Darwin systems
[0.346s] INFO:colcon.colcon_core.plugin_system:Skipping extension 'colcon_notification.desktop_notification.win32': Not used on non-Windows systems
[0.346s] INFO:colcon.colcon_notification.desktop_notification:Sending desktop notification using 'notify2'
[0.360s] DEBUG:colcon.colcon_core.event_reactor:joined thread
[0.360s] INFO:colcon.colcon_core.shell:Creating prefix script '/home/admin1/ros2_ws/install/local_setup.ps1'
[0.361s] INFO:colcon.colcon_core.shell:Creating prefix util module '/home/admin1/ros2_ws/install/_local_setup_util_ps1.py'
[0.362s] INFO:colcon.colcon_core.shell:Creating prefix chain script '/home/admin1/ros2_ws/install/setup.ps1'
[0.364s] INFO:colcon.colcon_core.shell:Creating prefix script '/home/admin1/ros2_ws/install/local_setup.sh'
[0.364s] INFO:colcon.colcon_core.shell:Creating prefix util module '/home/admin1/ros2_ws/install/_local_setup_util_sh.py'
[0.364s] INFO:colcon.colcon_core.shell:Creating prefix chain script '/home/admin1/ros2_ws/install/setup.sh'
[0.366s] INFO:colcon.colcon_core.shell:Creating prefix script '/home/admin1/ros2_ws/install/local_setup.bash'
[0.366s] INFO:colcon.colcon_core.shell:Creating prefix chain script '/home/admin1/ros2_ws/install/setup.bash'
[0.367s] INFO:colcon.colcon_core.shell:Creating prefix script '/home/admin1/ros2_ws/install/local_setup.zsh'
[0.367s] INFO:colcon.colcon_core.shell:Creating prefix chain script '/home/admin1/ros2_ws/install/setup.zsh'
